2017-05-10 00:00:26,059 [Worker-3] INFO  c.g.t.t.d.PublishedGradleVersions - Gradle version information cache is up-to-date. Trying to read.
2017-05-10 00:03:01,840 [Worker-0] INFO  c.g.t.t.d.PublishedGradleVersions - Gradle version information cache is up-to-date. Trying to read.
2017-05-10 01:29:17,385 [Worker-3] INFO  c.g.t.t.d.PublishedGradleVersions - Gradle version information cache is up-to-date. Trying to read.
2017-05-10 01:33:35,188 [Worker-3] INFO  c.g.t.t.d.PublishedGradleVersions - Gradle version information cache is up-to-date. Trying to read.
2017-05-10 01:36:34,258 [Start Help Server] INFO  org.eclipse.jetty.util.log - Logging initialized @192300ms
2017-05-10 01:36:34,339 [Start Help Server] INFO  org.eclipse.jetty.server.Server - jetty-9.3.9.v20160517
2017-05-10 01:36:34,378 [Start Help Server] INFO  o.e.j.server.handler.ContextHandler - Started o.e.j.s.ServletContextHandler@67e371{/help,null,AVAILABLE}
2017-05-10 01:36:34,391 [Start Help Server] INFO  o.e.jetty.server.AbstractConnector - Started ServerConnector@15c0f674{HTTP/1.1,[http/1.1]}{127.0.0.1:60074}
2017-05-10 01:36:34,391 [Start Help Server] INFO  org.eclipse.jetty.server.Server - Started @192434ms
2017-05-10 01:37:14,701 [Stop Help Server] INFO  o.e.jetty.server.AbstractConnector - Stopped ServerConnector@15c0f674{HTTP/1.1,[http/1.1]}{127.0.0.1:0}
2017-05-10 01:37:14,735 [Stop Help Server] INFO  o.e.j.server.handler.ContextHandler - Stopped o.e.j.s.ServletContextHandler@67e371{/help,null,UNAVAILABLE}
2017-05-11 14:41:10,765 [Worker-1] INFO  c.g.t.t.d.PublishedGradleVersions - Gradle version information cache is out-of-date. Trying to update.
2017-05-11 15:18:33,504 [Worker-0] INFO  c.g.t.t.d.PublishedGradleVersions - Gradle version information cache is up-to-date. Trying to read.
2017-05-11 15:29:49,902 [Worker-0] INFO  c.g.t.t.d.PublishedGradleVersions - Gradle version information cache is up-to-date. Trying to read.
2017-05-11 15:37:03,679 [Worker-1] INFO  c.g.t.t.d.PublishedGradleVersions - Gradle version information cache is up-to-date. Trying to read.
2017-05-11 15:55:40,805 [Worker-4] INFO  c.g.t.t.d.PublishedGradleVersions - Gradle version information cache is up-to-date. Trying to read.
2017-05-11 16:12:56,184 [Worker-3] INFO  c.g.t.t.d.PublishedGradleVersions - Gradle version information cache is up-to-date. Trying to read.
2017-05-11 16:29:16,604 [Worker-2] INFO  c.g.t.t.d.PublishedGradleVersions - Gradle version information cache is up-to-date. Trying to read.
2017-05-11 16:34:02,125 [Worker-0] INFO  c.g.t.t.d.PublishedGradleVersions - Gradle version information cache is up-to-date. Trying to read.
2017-05-11 18:37:49,880 [Worker-2] INFO  c.g.t.t.d.PublishedGradleVersions - Gradle version information cache is up-to-date. Trying to read.
2017-05-11 18:43:53,496 [Worker-2] INFO  c.g.t.t.d.PublishedGradleVersions - Gradle version information cache is up-to-date. Trying to read.
2017-05-11 18:46:24,925 [Worker-2] INFO  c.g.t.t.d.PublishedGradleVersions - Gradle version information cache is up-to-date. Trying to read.
2017-05-11 18:46:53,308 [Start Help Server] INFO  org.eclipse.jetty.util.log - Logging initialized @49150ms
2017-05-11 18:46:53,596 [Start Help Server] INFO  org.eclipse.jetty.server.Server - jetty-9.3.9.v20160517
2017-05-11 18:46:53,692 [Start Help Server] INFO  o.e.j.server.handler.ContextHandler - Started o.e.j.s.ServletContextHandler@73514e98{/help,null,AVAILABLE}
2017-05-11 18:46:53,747 [Start Help Server] INFO  o.e.jetty.server.AbstractConnector - Started ServerConnector@61186041{HTTP/1.1,[http/1.1]}{127.0.0.1:58994}
2017-05-11 18:46:53,748 [Start Help Server] INFO  org.eclipse.jetty.server.Server - Started @49591ms
2017-05-11 18:46:56,228 [qtp215293200-65] WARN  o.e.jetty.servlet.ServletHandler - 
org.apache.jasper.JasperException: java.lang.NullPointerException
	at org.apache.jasper.servlet.JspServletWrapper.service(JspServletWrapper.java:432) ~[na:na]
	at org.apache.jasper.servlet.JspServlet.serviceJspFile(JspServlet.java:492) ~[na:na]
	at org.apache.jasper.servlet.JspServlet.service(JspServlet.java:378) ~[na:na]
	at javax.servlet.http.HttpServlet.service(HttpServlet.java:790) ~[javax.servlet_3.1.0.v201410161800.jar:3.1.0]
	at org.eclipse.equinox.jsp.jasper.JspServlet.service(JspServlet.java:155) ~[na:na]
	at javax.servlet.http.HttpServlet.service(HttpServlet.java:790) ~[javax.servlet_3.1.0.v201410161800.jar:3.1.0]
	at org.eclipse.equinox.http.registry.internal.ServletManager$ServletWrapper.service(ServletManager.java:180) ~[na:na]
	at org.eclipse.equinox.http.servlet.internal.HttpServiceRuntimeImpl$LegacyServlet.service(HttpServiceRuntimeImpl.java:1221) ~[na:na]
	at org.eclipse.equinox.http.servlet.internal.registration.EndpointRegistration.service(EndpointRegistration.java:153) ~[na:na]
	at org.eclipse.equinox.http.servlet.internal.servlet.ResponseStateHandler.processRequest(ResponseStateHandler.java:62) ~[na:na]
	at org.eclipse.equinox.http.servlet.internal.context.DispatchTargets.doDispatch(DispatchTargets.java:132) ~[na:na]
	at org.eclipse.equinox.http.servlet.internal.servlet.RequestDispatcherAdaptor.include(RequestDispatcherAdaptor.java:48) ~[na:na]
	at org.apache.jasper.runtime.JspRuntimeLibrary.include(JspRuntimeLibrary.java:1015) ~[na:na]
	at org.apache.jasper.runtime.PageContextImpl.include(PageContextImpl.java:689) ~[na:na]
	at org.apache.jasper.runtime.PageContextImpl.doHandlePageException(PageContextImpl.java:908) ~[na:na]
	at org.apache.jasper.runtime.PageContextImpl.handlePageException(PageContextImpl.java:879) ~[na:na]
	at org.apache.jsp.advanced.search_jsp._jspService(org.apache.jsp.advanced.search_jsp:70) ~[na:na]
	at org.apache.jasper.runtime.HttpJspBase.service(HttpJspBase.java:111) ~[na:na]
	at javax.servlet.http.HttpServlet.service(HttpServlet.java:790) ~[javax.servlet_3.1.0.v201410161800.jar:3.1.0]
	at org.apache.jasper.servlet.JspServletWrapper.service(JspServletWrapper.java:403) ~[na:na]
	at org.apache.jasper.servlet.JspServlet.serviceJspFile(JspServlet.java:492) ~[na:na]
	at org.apache.jasper.servlet.JspServlet.service(JspServlet.java:378) ~[na:na]
	at javax.servlet.http.HttpServlet.service(HttpServlet.java:790) ~[javax.servlet_3.1.0.v201410161800.jar:3.1.0]
	at org.eclipse.equinox.jsp.jasper.JspServlet.service(JspServlet.java:155) ~[na:na]
	at javax.servlet.http.HttpServlet.service(HttpServlet.java:790) ~[javax.servlet_3.1.0.v201410161800.jar:3.1.0]
	at org.eclipse.equinox.http.registry.internal.ServletManager$ServletWrapper.service(ServletManager.java:180) ~[na:na]
	at org.eclipse.equinox.http.servlet.internal.HttpServiceRuntimeImpl$LegacyServlet.service(HttpServiceRuntimeImpl.java:1221) ~[na:na]
	at org.eclipse.equinox.http.servlet.internal.registration.EndpointRegistration.service(EndpointRegistration.java:153) ~[na:na]
	at org.eclipse.equinox.http.servlet.internal.servlet.ResponseStateHandler.processRequest(ResponseStateHandler.java:62) ~[na:na]
	at org.eclipse.equinox.http.servlet.internal.context.DispatchTargets.doDispatch(DispatchTargets.java:132) ~[na:na]
	at org.eclipse.equinox.http.servlet.internal.servlet.ProxyServlet.service(ProxyServlet.java:100) ~[na:na]
	at javax.servlet.http.HttpServlet.service(HttpServlet.java:790) ~[javax.servlet_3.1.0.v201410161800.jar:3.1.0]
	at org.eclipse.equinox.http.jetty.internal.HttpServerManager$InternalHttpServiceServlet.service(HttpServerManager.java:310) ~[org.eclipse.equinox.http.jetty_3.3.0.v20160324-1850.jar:na]
	at org.eclipse.jetty.servlet.ServletHolder.handle(ServletHolder.java:845) ~[org.eclipse.jetty.servlet_9.3.9.v20160517.jar:9.3.9.v20160517]
	at org.eclipse.jetty.servlet.ServletHandler.doHandle(ServletHandler.java:583) [org.eclipse.jetty.servlet_9.3.9.v20160517.jar:9.3.9.v20160517]
	at org.eclipse.jetty.server.session.SessionHandler.doHandle(SessionHandler.java:224) [org.eclipse.jetty.server_9.3.9.v20160517.jar:9.3.9.v20160517]
	at org.eclipse.jetty.server.handler.ContextHandler.doHandle(ContextHandler.java:1174) [org.eclipse.jetty.server_9.3.9.v20160517.jar:9.3.9.v20160517]
	at org.eclipse.jetty.servlet.ServletHandler.doScope(ServletHandler.java:511) [org.eclipse.jetty.servlet_9.3.9.v20160517.jar:9.3.9.v20160517]
	at org.eclipse.jetty.server.session.SessionHandler.doScope(SessionHandler.java:185) [org.eclipse.jetty.server_9.3.9.v20160517.jar:9.3.9.v20160517]
	at org.eclipse.jetty.server.handler.ContextHandler.doScope(ContextHandler.java:1106) [org.eclipse.jetty.server_9.3.9.v20160517.jar:9.3.9.v20160517]
	at org.eclipse.jetty.server.handler.ScopedHandler.handle(ScopedHandler.java:141) [org.eclipse.jetty.server_9.3.9.v20160517.jar:9.3.9.v20160517]
	at org.eclipse.jetty.server.handler.HandlerWrapper.handle(HandlerWrapper.java:134) [org.eclipse.jetty.server_9.3.9.v20160517.jar:9.3.9.v20160517]
	at org.eclipse.jetty.server.Server.handle(Server.java:524) [org.eclipse.jetty.server_9.3.9.v20160517.jar:9.3.9.v20160517]
	at org.eclipse.jetty.server.HttpChannel.handle(HttpChannel.java:319) [org.eclipse.jetty.server_9.3.9.v20160517.jar:9.3.9.v20160517]
	at org.eclipse.jetty.server.HttpConnection.onFillable(HttpConnection.java:253) [org.eclipse.jetty.server_9.3.9.v20160517.jar:9.3.9.v20160517]
	at org.eclipse.jetty.io.AbstractConnection$ReadCallback.succeeded(AbstractConnection.java:273) [org.eclipse.jetty.io_9.3.9.v20160517.jar:9.3.9.v20160517]
	at org.eclipse.jetty.io.FillInterest.fillable(FillInterest.java:95) [org.eclipse.jetty.io_9.3.9.v20160517.jar:9.3.9.v20160517]
	at org.eclipse.jetty.io.SelectChannelEndPoint$2.run(SelectChannelEndPoint.java:93) [org.eclipse.jetty.io_9.3.9.v20160517.jar:9.3.9.v20160517]
	at org.eclipse.jetty.util.thread.strategy.ExecuteProduceConsume.executeProduceConsume(ExecuteProduceConsume.java:303) [org.eclipse.jetty.util_9.3.9.v20160517.jar:9.3.9.v20160517]
	at org.eclipse.jetty.util.thread.strategy.ExecuteProduceConsume.produceConsume(ExecuteProduceConsume.java:148) [org.eclipse.jetty.util_9.3.9.v20160517.jar:9.3.9.v20160517]
	at org.eclipse.jetty.util.thread.strategy.ExecuteProduceConsume.run(ExecuteProduceConsume.java:136) [org.eclipse.jetty.util_9.3.9.v20160517.jar:9.3.9.v20160517]
	at org.eclipse.jetty.util.thread.QueuedThreadPool.runJob(QueuedThreadPool.java:671) [org.eclipse.jetty.util_9.3.9.v20160517.jar:9.3.9.v20160517]
	at org.eclipse.jetty.util.thread.QueuedThreadPool$2.run(QueuedThreadPool.java:589) [org.eclipse.jetty.util_9.3.9.v20160517.jar:9.3.9.v20160517]
	at java.lang.Thread.run(Unknown Source) [na:1.8.0_131]
Caused by: java.lang.NullPointerException: null
	at org.apache.jsp.advanced.err_jsp._jspService(org.apache.jsp.advanced.err_jsp:28) ~[na:na]
	at org.apache.jasper.runtime.HttpJspBase.service(HttpJspBase.java:111) ~[na:na]
	at javax.servlet.http.HttpServlet.service(HttpServlet.java:790) ~[javax.servlet_3.1.0.v201410161800.jar:3.1.0]
	at org.apache.jasper.servlet.JspServletWrapper.service(JspServletWrapper.java:403) ~[na:na]
	... 53 common frames omitted
2017-05-11 18:46:56,270 [qtp215293200-65] WARN  o.eclipse.jetty.server.HttpChannel - //127.0.0.1:58994/help/advanced/search.jsp?topic=%2Forg.eclipse.cdt.doc.user%2Fconcepts%2Fcdt_o_home.htm
org.apache.jasper.JasperException: java.lang.NullPointerException
	at org.apache.jasper.servlet.JspServletWrapper.service(JspServletWrapper.java:432) ~[na:na]
	at org.apache.jasper.servlet.JspServlet.serviceJspFile(JspServlet.java:492) ~[na:na]
	at org.apache.jasper.servlet.JspServlet.service(JspServlet.java:378) ~[na:na]
	at javax.servlet.http.HttpServlet.service(HttpServlet.java:790) ~[javax.servlet_3.1.0.v201410161800.jar:3.1.0]
	at org.eclipse.equinox.jsp.jasper.JspServlet.service(JspServlet.java:155) ~[na:na]
	at javax.servlet.http.HttpServlet.service(HttpServlet.java:790) ~[javax.servlet_3.1.0.v201410161800.jar:3.1.0]
	at org.eclipse.equinox.http.registry.internal.ServletManager$ServletWrapper.service(ServletManager.java:180) ~[na:na]
	at org.eclipse.equinox.http.servlet.internal.HttpServiceRuntimeImpl$LegacyServlet.service(HttpServiceRuntimeImpl.java:1221) ~[na:na]
	at org.eclipse.equinox.http.servlet.internal.registration.EndpointRegistration.service(EndpointRegistration.java:153) ~[na:na]
	at org.eclipse.equinox.http.servlet.internal.servlet.ResponseStateHandler.processRequest(ResponseStateHandler.java:62) ~[na:na]
	at org.eclipse.equinox.http.servlet.internal.context.DispatchTargets.doDispatch(DispatchTargets.java:132) ~[na:na]
	at org.eclipse.equinox.http.servlet.internal.servlet.RequestDispatcherAdaptor.include(RequestDispatcherAdaptor.java:48) ~[na:na]
	at org.apache.jasper.runtime.JspRuntimeLibrary.include(JspRuntimeLibrary.java:1015) ~[na:na]
	at org.apache.jasper.runtime.PageContextImpl.include(PageContextImpl.java:689) ~[na:na]
	at org.apache.jasper.runtime.PageContextImpl.doHandlePageException(PageContextImpl.java:908) ~[na:na]
	at org.apache.jasper.runtime.PageContextImpl.handlePageException(PageContextImpl.java:879) ~[na:na]
	at org.apache.jsp.advanced.search_jsp._jspService(org.apache.jsp.advanced.search_jsp:70) ~[na:na]
	at org.apache.jasper.runtime.HttpJspBase.service(HttpJspBase.java:111) ~[na:na]
	at javax.servlet.http.HttpServlet.service(HttpServlet.java:790) ~[javax.servlet_3.1.0.v201410161800.jar:3.1.0]
	at org.apache.jasper.servlet.JspServletWrapper.service(JspServletWrapper.java:403) ~[na:na]
	at org.apache.jasper.servlet.JspServlet.serviceJspFile(JspServlet.java:492) ~[na:na]
	at org.apache.jasper.servlet.JspServlet.service(JspServlet.java:378) ~[na:na]
	at javax.servlet.http.HttpServlet.service(HttpServlet.java:790) ~[javax.servlet_3.1.0.v201410161800.jar:3.1.0]
	at org.eclipse.equinox.jsp.jasper.JspServlet.service(JspServlet.java:155) ~[na:na]
	at javax.servlet.http.HttpServlet.service(HttpServlet.java:790) ~[javax.servlet_3.1.0.v201410161800.jar:3.1.0]
	at org.eclipse.equinox.http.registry.internal.ServletManager$ServletWrapper.service(ServletManager.java:180) ~[na:na]
	at org.eclipse.equinox.http.servlet.internal.HttpServiceRuntimeImpl$LegacyServlet.service(HttpServiceRuntimeImpl.java:1221) ~[na:na]
	at org.eclipse.equinox.http.servlet.internal.registration.EndpointRegistration.service(EndpointRegistration.java:153) ~[na:na]
	at org.eclipse.equinox.http.servlet.internal.servlet.ResponseStateHandler.processRequest(ResponseStateHandler.java:62) ~[na:na]
	at org.eclipse.equinox.http.servlet.internal.context.DispatchTargets.doDispatch(DispatchTargets.java:132) ~[na:na]
	at org.eclipse.equinox.http.servlet.internal.servlet.ProxyServlet.service(ProxyServlet.java:100) ~[na:na]
	at javax.servlet.http.HttpServlet.service(HttpServlet.java:790) ~[javax.servlet_3.1.0.v201410161800.jar:3.1.0]
	at org.eclipse.equinox.http.jetty.internal.HttpServerManager$InternalHttpServiceServlet.service(HttpServerManager.java:310) ~[na:na]
	at org.eclipse.jetty.servlet.ServletHolder.handle(ServletHolder.java:845) ~[na:na]
	at org.eclipse.jetty.servlet.ServletHandler.doHandle(ServletHandler.java:583) ~[na:na]
	at org.eclipse.jetty.server.session.SessionHandler.doHandle(SessionHandler.java:224) ~[org.eclipse.jetty.server_9.3.9.v20160517.jar:9.3.9.v20160517]
	at org.eclipse.jetty.server.handler.ContextHandler.doHandle(ContextHandler.java:1174) ~[org.eclipse.jetty.server_9.3.9.v20160517.jar:9.3.9.v20160517]
	at org.eclipse.jetty.servlet.ServletHandler.doScope(ServletHandler.java:511) ~[na:na]
	at org.eclipse.jetty.server.session.SessionHandler.doScope(SessionHandler.java:185) ~[org.eclipse.jetty.server_9.3.9.v20160517.jar:9.3.9.v20160517]
	at org.eclipse.jetty.server.handler.ContextHandler.doScope(ContextHandler.java:1106) ~[org.eclipse.jetty.server_9.3.9.v20160517.jar:9.3.9.v20160517]
	at org.eclipse.jetty.server.handler.ScopedHandler.handle(ScopedHandler.java:141) ~[org.eclipse.jetty.server_9.3.9.v20160517.jar:9.3.9.v20160517]
	at org.eclipse.jetty.server.handler.HandlerWrapper.handle(HandlerWrapper.java:134) ~[org.eclipse.jetty.server_9.3.9.v20160517.jar:9.3.9.v20160517]
	at org.eclipse.jetty.server.Server.handle(Server.java:524) ~[org.eclipse.jetty.server_9.3.9.v20160517.jar:9.3.9.v20160517]
	at org.eclipse.jetty.server.HttpChannel.handle(HttpChannel.java:319) ~[org.eclipse.jetty.server_9.3.9.v20160517.jar:9.3.9.v20160517]
	at org.eclipse.jetty.server.HttpConnection.onFillable(HttpConnection.java:253) [org.eclipse.jetty.server_9.3.9.v20160517.jar:9.3.9.v20160517]
	at org.eclipse.jetty.io.AbstractConnection$ReadCallback.succeeded(AbstractConnection.java:273) [org.eclipse.jetty.io_9.3.9.v20160517.jar:9.3.9.v20160517]
	at org.eclipse.jetty.io.FillInterest.fillable(FillInterest.java:95) [org.eclipse.jetty.io_9.3.9.v20160517.jar:9.3.9.v20160517]
	at org.eclipse.jetty.io.SelectChannelEndPoint$2.run(SelectChannelEndPoint.java:93) [org.eclipse.jetty.io_9.3.9.v20160517.jar:9.3.9.v20160517]
	at org.eclipse.jetty.util.thread.strategy.ExecuteProduceConsume.executeProduceConsume(ExecuteProduceConsume.java:303) [org.eclipse.jetty.util_9.3.9.v20160517.jar:9.3.9.v20160517]
	at org.eclipse.jetty.util.thread.strategy.ExecuteProduceConsume.produceConsume(ExecuteProduceConsume.java:148) [org.eclipse.jetty.util_9.3.9.v20160517.jar:9.3.9.v20160517]
	at org.eclipse.jetty.util.thread.strategy.ExecuteProduceConsume.run(ExecuteProduceConsume.java:136) [org.eclipse.jetty.util_9.3.9.v20160517.jar:9.3.9.v20160517]
	at org.eclipse.jetty.util.thread.QueuedThreadPool.runJob(QueuedThreadPool.java:671) [org.eclipse.jetty.util_9.3.9.v20160517.jar:9.3.9.v20160517]
	at org.eclipse.jetty.util.thread.QueuedThreadPool$2.run(QueuedThreadPool.java:589) [org.eclipse.jetty.util_9.3.9.v20160517.jar:9.3.9.v20160517]
	at java.lang.Thread.run(Unknown Source) [na:1.8.0_131]
Caused by: java.lang.NullPointerException: null
	at org.apache.jsp.advanced.err_jsp._jspService(org.apache.jsp.advanced.err_jsp:28) ~[na:na]
	at org.apache.jasper.runtime.HttpJspBase.service(HttpJspBase.java:111) ~[na:na]
	at javax.servlet.http.HttpServlet.service(HttpServlet.java:790) ~[javax.servlet_3.1.0.v201410161800.jar:3.1.0]
	at org.apache.jasper.servlet.JspServletWrapper.service(JspServletWrapper.java:403) ~[na:na]
	... 53 common frames omitted
2017-05-11 18:52:42,252 [qtp215293200-70] WARN  o.e.jetty.servlet.ServletHandler - 
org.apache.jasper.JasperException: org.eclipse.jetty.io.RuntimeIOException: org.eclipse.jetty.io.EofException
	at org.apache.jasper.servlet.JspServletWrapper.service(JspServletWrapper.java:432) ~[na:na]
	at org.apache.jasper.servlet.JspServlet.serviceJspFile(JspServlet.java:492) ~[na:na]
	at org.apache.jasper.servlet.JspServlet.service(JspServlet.java:378) ~[na:na]
	at javax.servlet.http.HttpServlet.service(HttpServlet.java:790) ~[javax.servlet_3.1.0.v201410161800.jar:3.1.0]
	at org.eclipse.equinox.jsp.jasper.JspServlet.service(JspServlet.java:155) ~[na:na]
	at javax.servlet.http.HttpServlet.service(HttpServlet.java:790) ~[javax.servlet_3.1.0.v201410161800.jar:3.1.0]
	at org.eclipse.equinox.http.registry.internal.ServletManager$ServletWrapper.service(ServletManager.java:180) ~[na:na]
	at org.eclipse.equinox.http.servlet.internal.HttpServiceRuntimeImpl$LegacyServlet.service(HttpServiceRuntimeImpl.java:1221) ~[na:na]
	at org.eclipse.equinox.http.servlet.internal.registration.EndpointRegistration.service(EndpointRegistration.java:153) ~[na:na]
	at org.eclipse.equinox.http.servlet.internal.servlet.ResponseStateHandler.processRequest(ResponseStateHandler.java:62) ~[na:na]
	at org.eclipse.equinox.http.servlet.internal.context.DispatchTargets.doDispatch(DispatchTargets.java:132) ~[na:na]
	at org.eclipse.equinox.http.servlet.internal.servlet.ProxyServlet.service(ProxyServlet.java:100) ~[na:na]
	at javax.servlet.http.HttpServlet.service(HttpServlet.java:790) ~[javax.servlet_3.1.0.v201410161800.jar:3.1.0]
	at org.eclipse.equinox.http.jetty.internal.HttpServerManager$InternalHttpServiceServlet.service(HttpServerManager.java:310) ~[org.eclipse.equinox.http.jetty_3.3.0.v20160324-1850.jar:na]
	at org.eclipse.jetty.servlet.ServletHolder.handle(ServletHolder.java:845) ~[org.eclipse.jetty.servlet_9.3.9.v20160517.jar:9.3.9.v20160517]
	at org.eclipse.jetty.servlet.ServletHandler.doHandle(ServletHandler.java:583) [org.eclipse.jetty.servlet_9.3.9.v20160517.jar:9.3.9.v20160517]
	at org.eclipse.jetty.server.session.SessionHandler.doHandle(SessionHandler.java:224) [org.eclipse.jetty.server_9.3.9.v20160517.jar:9.3.9.v20160517]
	at org.eclipse.jetty.server.handler.ContextHandler.doHandle(ContextHandler.java:1174) [org.eclipse.jetty.server_9.3.9.v20160517.jar:9.3.9.v20160517]
	at org.eclipse.jetty.servlet.ServletHandler.doScope(ServletHandler.java:511) [org.eclipse.jetty.servlet_9.3.9.v20160517.jar:9.3.9.v20160517]
	at org.eclipse.jetty.server.session.SessionHandler.doScope(SessionHandler.java:185) [org.eclipse.jetty.server_9.3.9.v20160517.jar:9.3.9.v20160517]
	at org.eclipse.jetty.server.handler.ContextHandler.doScope(ContextHandler.java:1106) [org.eclipse.jetty.server_9.3.9.v20160517.jar:9.3.9.v20160517]
	at org.eclipse.jetty.server.handler.ScopedHandler.handle(ScopedHandler.java:141) [org.eclipse.jetty.server_9.3.9.v20160517.jar:9.3.9.v20160517]
	at org.eclipse.jetty.server.handler.HandlerWrapper.handle(HandlerWrapper.java:134) [org.eclipse.jetty.server_9.3.9.v20160517.jar:9.3.9.v20160517]
	at org.eclipse.jetty.server.Server.handle(Server.java:524) [org.eclipse.jetty.server_9.3.9.v20160517.jar:9.3.9.v20160517]
	at org.eclipse.jetty.server.HttpChannel.handle(HttpChannel.java:319) [org.eclipse.jetty.server_9.3.9.v20160517.jar:9.3.9.v20160517]
	at org.eclipse.jetty.server.HttpConnection.onFillable(HttpConnection.java:253) [org.eclipse.jetty.server_9.3.9.v20160517.jar:9.3.9.v20160517]
	at org.eclipse.jetty.io.AbstractConnection$ReadCallback.succeeded(AbstractConnection.java:273) [org.eclipse.jetty.io_9.3.9.v20160517.jar:9.3.9.v20160517]
	at org.eclipse.jetty.io.FillInterest.fillable(FillInterest.java:95) [org.eclipse.jetty.io_9.3.9.v20160517.jar:9.3.9.v20160517]
	at org.eclipse.jetty.io.SelectChannelEndPoint$2.run(SelectChannelEndPoint.java:93) [org.eclipse.jetty.io_9.3.9.v20160517.jar:9.3.9.v20160517]
	at org.eclipse.jetty.util.thread.strategy.ExecuteProduceConsume.executeProduceConsume(ExecuteProduceConsume.java:303) [org.eclipse.jetty.util_9.3.9.v20160517.jar:9.3.9.v20160517]
	at org.eclipse.jetty.util.thread.strategy.ExecuteProduceConsume.produceConsume(ExecuteProduceConsume.java:148) [org.eclipse.jetty.util_9.3.9.v20160517.jar:9.3.9.v20160517]
	at org.eclipse.jetty.util.thread.strategy.ExecuteProduceConsume.run(ExecuteProduceConsume.java:136) [org.eclipse.jetty.util_9.3.9.v20160517.jar:9.3.9.v20160517]
	at org.eclipse.jetty.util.thread.QueuedThreadPool.runJob(QueuedThreadPool.java:671) [org.eclipse.jetty.util_9.3.9.v20160517.jar:9.3.9.v20160517]
	at org.eclipse.jetty.util.thread.QueuedThreadPool$2.run(QueuedThreadPool.java:589) [org.eclipse.jetty.util_9.3.9.v20160517.jar:9.3.9.v20160517]
	at java.lang.Thread.run(Unknown Source) [na:1.8.0_131]
Caused by: org.eclipse.jetty.io.RuntimeIOException: org.eclipse.jetty.io.EofException
	at org.eclipse.jetty.server.ResponseWriter.isOpen(ResponseWriter.java:133) ~[org.eclipse.jetty.server_9.3.9.v20160517.jar:9.3.9.v20160517]
	at org.eclipse.jetty.server.ResponseWriter.write(ResponseWriter.java:202) ~[org.eclipse.jetty.server_9.3.9.v20160517.jar:9.3.9.v20160517]
	at java.io.PrintWriter.write(Unknown Source) ~[na:1.8.0_131]
	at org.eclipse.equinox.http.servlet.internal.servlet.HttpServletResponseWrapperImpl$InternalWriter.write(HttpServletResponseWrapperImpl.java:176) ~[na:na]
	at org.apache.jasper.runtime.JspWriterImpl.flushBuffer(JspWriterImpl.java:185) ~[na:na]
	at org.apache.jasper.runtime.PageContextImpl.release(PageContextImpl.java:239) ~[na:na]
	at org.apache.jasper.runtime.JspFactoryImpl.internalReleasePageContext(JspFactoryImpl.java:185) ~[na:na]
	at org.apache.jasper.runtime.JspFactoryImpl.releasePageContext(JspFactoryImpl.java:137) ~[na:na]
	at org.apache.jsp.advanced.tocToolbar_jsp._jspService(org.apache.jsp.advanced.tocToolbar_jsp:107) ~[na:na]
	at org.apache.jasper.runtime.HttpJspBase.service(HttpJspBase.java:111) ~[na:na]
	at javax.servlet.http.HttpServlet.service(HttpServlet.java:790) ~[javax.servlet_3.1.0.v201410161800.jar:3.1.0]
	at org.apache.jasper.servlet.JspServletWrapper.service(JspServletWrapper.java:403) ~[na:na]
	... 34 common frames omitted
Caused by: org.eclipse.jetty.io.EofException: null
	at org.eclipse.jetty.io.ChannelEndPoint.flush(ChannelEndPoint.java:197) ~[org.eclipse.jetty.io_9.3.9.v20160517.jar:9.3.9.v20160517]
	at org.eclipse.jetty.io.WriteFlusher.flush(WriteFlusher.java:419) ~[org.eclipse.jetty.io_9.3.9.v20160517.jar:9.3.9.v20160517]
	at org.eclipse.jetty.io.WriteFlusher.write(WriteFlusher.java:313) ~[org.eclipse.jetty.io_9.3.9.v20160517.jar:9.3.9.v20160517]
	at org.eclipse.jetty.io.AbstractEndPoint.write(AbstractEndPoint.java:141) ~[org.eclipse.jetty.io_9.3.9.v20160517.jar:9.3.9.v20160517]
	at org.eclipse.jetty.server.HttpConnection$SendCallback.process(HttpConnection.java:733) ~[org.eclipse.jetty.server_9.3.9.v20160517.jar:9.3.9.v20160517]
	at org.eclipse.jetty.util.IteratingCallback.processing(IteratingCallback.java:241) ~[org.eclipse.jetty.util_9.3.9.v20160517.jar:9.3.9.v20160517]
	at org.eclipse.jetty.util.IteratingCallback.iterate(IteratingCallback.java:224) ~[org.eclipse.jetty.util_9.3.9.v20160517.jar:9.3.9.v20160517]
	at org.eclipse.jetty.server.HttpConnection.send(HttpConnection.java:521) [org.eclipse.jetty.server_9.3.9.v20160517.jar:9.3.9.v20160517]
	at org.eclipse.jetty.server.HttpChannel.sendResponse(HttpChannel.java:692) [org.eclipse.jetty.server_9.3.9.v20160517.jar:9.3.9.v20160517]
	at org.eclipse.jetty.server.HttpChannel.write(HttpChannel.java:746) [org.eclipse.jetty.server_9.3.9.v20160517.jar:9.3.9.v20160517]
	at org.eclipse.jetty.server.HttpOutput.write(HttpOutput.java:179) ~[org.eclipse.jetty.server_9.3.9.v20160517.jar:9.3.9.v20160517]
	at org.eclipse.jetty.server.HttpOutput.write(HttpOutput.java:163) ~[org.eclipse.jetty.server_9.3.9.v20160517.jar:9.3.9.v20160517]
	at org.eclipse.jetty.server.HttpOutput.write(HttpOutput.java:415) ~[org.eclipse.jetty.server_9.3.9.v20160517.jar:9.3.9.v20160517]
	at java.io.ByteArrayOutputStream.writeTo(Unknown Source) ~[na:1.8.0_131]
	at org.eclipse.jetty.server.Utf8HttpWriter.write(Utf8HttpWriter.java:183) ~[org.eclipse.jetty.server_9.3.9.v20160517.jar:9.3.9.v20160517]
	at org.eclipse.jetty.server.ResponseWriter.write(ResponseWriter.java:203) ~[org.eclipse.jetty.server_9.3.9.v20160517.jar:9.3.9.v20160517]
	at java.io.PrintWriter.write(Unknown Source) ~[na:1.8.0_131]
	at org.eclipse.equinox.http.servlet.internal.servlet.HttpServletResponseWrapperImpl$InternalWriter.write(HttpServletResponseWrapperImpl.java:176) ~[na:na]
	at org.apache.jasper.runtime.JspWriterImpl.write(JspWriterImpl.java:409) ~[na:na]
	at java.io.PrintWriter.write(Unknown Source) ~[na:1.8.0_131]
	at org.apache.jasper.runtime.JspWriterImpl.flushBuffer(JspWriterImpl.java:185) ~[na:na]
	at org.apache.jasper.runtime.JspWriterImpl.write(JspWriterImpl.java:458) ~[na:na]
	at org.apache.jasper.runtime.JspWriterImpl.write(JspWriterImpl.java:471) ~[na:na]
	at org.apache.jsp.advanced.toolbar_jsp._jspService(org.apache.jsp.advanced.toolbar_jsp:525) ~[na:na]
	at org.apache.jasper.runtime.HttpJspBase.service(HttpJspBase.java:111) ~[na:na]
	at javax.servlet.http.HttpServlet.service(HttpServlet.java:790) ~[javax.servlet_3.1.0.v201410161800.jar:3.1.0]
	at org.apache.jasper.servlet.JspServletWrapper.service(JspServletWrapper.java:403) ~[na:na]
	at org.apache.jasper.servlet.JspServlet.serviceJspFile(JspServlet.java:492) ~[na:na]
	at org.apache.jasper.servlet.JspServlet.service(JspServlet.java:378) ~[na:na]
	at javax.servlet.http.HttpServlet.service(HttpServlet.java:790) ~[javax.servlet_3.1.0.v201410161800.jar:3.1.0]
	at org.eclipse.equinox.jsp.jasper.JspServlet.service(JspServlet.java:155) ~[na:na]
	at javax.servlet.http.HttpServlet.service(HttpServlet.java:790) ~[javax.servlet_3.1.0.v201410161800.jar:3.1.0]
	at org.eclipse.equinox.http.registry.internal.ServletManager$ServletWrapper.service(ServletManager.java:180) ~[na:na]
	at org.eclipse.equinox.http.servlet.internal.HttpServiceRuntimeImpl$LegacyServlet.service(HttpServiceRuntimeImpl.java:1221) ~[na:na]
	at org.eclipse.equinox.http.servlet.internal.registration.EndpointRegistration.service(EndpointRegistration.java:153) ~[na:na]
	at org.eclipse.equinox.http.servlet.internal.servlet.ResponseStateHandler.processRequest(ResponseStateHandler.java:62) ~[na:na]
	at org.eclipse.equinox.http.servlet.internal.context.DispatchTargets.doDispatch(DispatchTargets.java:132) ~[na:na]
	at org.eclipse.equinox.http.servlet.internal.servlet.RequestDispatcherAdaptor.include(RequestDispatcherAdaptor.java:48) ~[na:na]
	at org.apache.jasper.runtime.JspRuntimeLibrary.include(JspRuntimeLibrary.java:1015) ~[na:na]
	at org.apache.jsp.advanced.tocToolbar_jsp._jspService(org.apache.jsp.advanced.tocToolbar_jsp:97) ~[na:na]
	... 37 common frames omitted
Caused by: java.io.IOException: An existing connection was forcibly closed by the remote host
	at sun.nio.ch.SocketDispatcher.writev0(Native Method) ~[na:1.8.0_131]
	at sun.nio.ch.SocketDispatcher.writev(Unknown Source) ~[na:1.8.0_131]
	at sun.nio.ch.IOUtil.write(Unknown Source) ~[na:1.8.0_131]
	at sun.nio.ch.SocketChannelImpl.write(Unknown Source) ~[na:1.8.0_131]
	at org.eclipse.jetty.io.ChannelEndPoint.flush(ChannelEndPoint.java:177) ~[org.eclipse.jetty.io_9.3.9.v20160517.jar:9.3.9.v20160517]
	... 76 common frames omitted
2017-05-11 18:52:42,280 [qtp215293200-70] WARN  o.eclipse.jetty.server.HttpChannel - //127.0.0.1:58994/help/advanced/tocToolbar.jsp
org.apache.jasper.JasperException: org.eclipse.jetty.io.RuntimeIOException: org.eclipse.jetty.io.EofException
	at org.apache.jasper.servlet.JspServletWrapper.service(JspServletWrapper.java:432) ~[na:na]
	at org.apache.jasper.servlet.JspServlet.serviceJspFile(JspServlet.java:492) ~[na:na]
	at org.apache.jasper.servlet.JspServlet.service(JspServlet.java:378) ~[na:na]
	at javax.servlet.http.HttpServlet.service(HttpServlet.java:790) ~[javax.servlet_3.1.0.v201410161800.jar:3.1.0]
	at org.eclipse.equinox.jsp.jasper.JspServlet.service(JspServlet.java:155) ~[na:na]
	at javax.servlet.http.HttpServlet.service(HttpServlet.java:790) ~[javax.servlet_3.1.0.v201410161800.jar:3.1.0]
	at org.eclipse.equinox.http.registry.internal.ServletManager$ServletWrapper.service(ServletManager.java:180) ~[na:na]
	at org.eclipse.equinox.http.servlet.internal.HttpServiceRuntimeImpl$LegacyServlet.service(HttpServiceRuntimeImpl.java:1221) ~[na:na]
	at org.eclipse.equinox.http.servlet.internal.registration.EndpointRegistration.service(EndpointRegistration.java:153) ~[na:na]
	at org.eclipse.equinox.http.servlet.internal.servlet.ResponseStateHandler.processRequest(ResponseStateHandler.java:62) ~[na:na]
	at org.eclipse.equinox.http.servlet.internal.context.DispatchTargets.doDispatch(DispatchTargets.java:132) ~[na:na]
	at org.eclipse.equinox.http.servlet.internal.servlet.ProxyServlet.service(ProxyServlet.java:100) ~[na:na]
	at javax.servlet.http.HttpServlet.service(HttpServlet.java:790) ~[javax.servlet_3.1.0.v201410161800.jar:3.1.0]
	at org.eclipse.equinox.http.jetty.internal.HttpServerManager$InternalHttpServiceServlet.service(HttpServerManager.java:310) ~[na:na]
	at org.eclipse.jetty.servlet.ServletHolder.handle(ServletHolder.java:845) ~[na:na]
	at org.eclipse.jetty.servlet.ServletHandler.doHandle(ServletHandler.java:583) ~[na:na]
	at org.eclipse.jetty.server.session.SessionHandler.doHandle(SessionHandler.java:224) ~[org.eclipse.jetty.server_9.3.9.v20160517.jar:9.3.9.v20160517]
	at org.eclipse.jetty.server.handler.ContextHandler.doHandle(ContextHandler.java:1174) ~[org.eclipse.jetty.server_9.3.9.v20160517.jar:9.3.9.v20160517]
	at org.eclipse.jetty.servlet.ServletHandler.doScope(ServletHandler.java:511) ~[na:na]
	at org.eclipse.jetty.server.session.SessionHandler.doScope(SessionHandler.java:185) ~[org.eclipse.jetty.server_9.3.9.v20160517.jar:9.3.9.v20160517]
	at org.eclipse.jetty.server.handler.ContextHandler.doScope(ContextHandler.java:1106) ~[org.eclipse.jetty.server_9.3.9.v20160517.jar:9.3.9.v20160517]
	at org.eclipse.jetty.server.handler.ScopedHandler.handle(ScopedHandler.java:141) ~[org.eclipse.jetty.server_9.3.9.v20160517.jar:9.3.9.v20160517]
	at org.eclipse.jetty.server.handler.HandlerWrapper.handle(HandlerWrapper.java:134) ~[org.eclipse.jetty.server_9.3.9.v20160517.jar:9.3.9.v20160517]
	at org.eclipse.jetty.server.Server.handle(Server.java:524) ~[org.eclipse.jetty.server_9.3.9.v20160517.jar:9.3.9.v20160517]
	at org.eclipse.jetty.server.HttpChannel.handle(HttpChannel.java:319) ~[org.eclipse.jetty.server_9.3.9.v20160517.jar:9.3.9.v20160517]
	at org.eclipse.jetty.server.HttpConnection.onFillable(HttpConnection.java:253) [org.eclipse.jetty.server_9.3.9.v20160517.jar:9.3.9.v20160517]
	at org.eclipse.jetty.io.AbstractConnection$ReadCallback.succeeded(AbstractConnection.java:273) [org.eclipse.jetty.io_9.3.9.v20160517.jar:9.3.9.v20160517]
	at org.eclipse.jetty.io.FillInterest.fillable(FillInterest.java:95) [org.eclipse.jetty.io_9.3.9.v20160517.jar:9.3.9.v20160517]
	at org.eclipse.jetty.io.SelectChannelEndPoint$2.run(SelectChannelEndPoint.java:93) [org.eclipse.jetty.io_9.3.9.v20160517.jar:9.3.9.v20160517]
	at org.eclipse.jetty.util.thread.strategy.ExecuteProduceConsume.executeProduceConsume(ExecuteProduceConsume.java:303) [org.eclipse.jetty.util_9.3.9.v20160517.jar:9.3.9.v20160517]
	at org.eclipse.jetty.util.thread.strategy.ExecuteProduceConsume.produceConsume(ExecuteProduceConsume.java:148) [org.eclipse.jetty.util_9.3.9.v20160517.jar:9.3.9.v20160517]
	at org.eclipse.jetty.util.thread.strategy.ExecuteProduceConsume.run(ExecuteProduceConsume.java:136) [org.eclipse.jetty.util_9.3.9.v20160517.jar:9.3.9.v20160517]
	at org.eclipse.jetty.util.thread.QueuedThreadPool.runJob(QueuedThreadPool.java:671) [org.eclipse.jetty.util_9.3.9.v20160517.jar:9.3.9.v20160517]
	at org.eclipse.jetty.util.thread.QueuedThreadPool$2.run(QueuedThreadPool.java:589) [org.eclipse.jetty.util_9.3.9.v20160517.jar:9.3.9.v20160517]
	at java.lang.Thread.run(Unknown Source) [na:1.8.0_131]
Caused by: org.eclipse.jetty.io.RuntimeIOException: org.eclipse.jetty.io.EofException
	at org.eclipse.jetty.server.ResponseWriter.isOpen(ResponseWriter.java:133) ~[org.eclipse.jetty.server_9.3.9.v20160517.jar:9.3.9.v20160517]
	at org.eclipse.jetty.server.ResponseWriter.write(ResponseWriter.java:202) ~[org.eclipse.jetty.server_9.3.9.v20160517.jar:9.3.9.v20160517]
	at java.io.PrintWriter.write(Unknown Source) ~[na:1.8.0_131]
	at org.eclipse.equinox.http.servlet.internal.servlet.HttpServletResponseWrapperImpl$InternalWriter.write(HttpServletResponseWrapperImpl.java:176) ~[na:na]
	at org.apache.jasper.runtime.JspWriterImpl.flushBuffer(JspWriterImpl.java:185) ~[na:na]
	at org.apache.jasper.runtime.PageContextImpl.release(PageContextImpl.java:239) ~[na:na]
	at org.apache.jasper.runtime.JspFactoryImpl.internalReleasePageContext(JspFactoryImpl.java:185) ~[na:na]
	at org.apache.jasper.runtime.JspFactoryImpl.releasePageContext(JspFactoryImpl.java:137) ~[na:na]
	at org.apache.jsp.advanced.tocToolbar_jsp._jspService(org.apache.jsp.advanced.tocToolbar_jsp:107) ~[na:na]
	at org.apache.jasper.runtime.HttpJspBase.service(HttpJspBase.java:111) ~[na:na]
	at javax.servlet.http.HttpServlet.service(HttpServlet.java:790) ~[javax.servlet_3.1.0.v201410161800.jar:3.1.0]
	at org.apache.jasper.servlet.JspServletWrapper.service(JspServletWrapper.java:403) ~[na:na]
	... 34 common frames omitted
Caused by: org.eclipse.jetty.io.EofException: null
	at org.eclipse.jetty.io.ChannelEndPoint.flush(ChannelEndPoint.java:197) ~[org.eclipse.jetty.io_9.3.9.v20160517.jar:9.3.9.v20160517]
	at org.eclipse.jetty.io.WriteFlusher.flush(WriteFlusher.java:419) ~[org.eclipse.jetty.io_9.3.9.v20160517.jar:9.3.9.v20160517]
	at org.eclipse.jetty.io.WriteFlusher.write(WriteFlusher.java:313) ~[org.eclipse.jetty.io_9.3.9.v20160517.jar:9.3.9.v20160517]
	at org.eclipse.jetty.io.AbstractEndPoint.write(AbstractEndPoint.java:141) ~[org.eclipse.jetty.io_9.3.9.v20160517.jar:9.3.9.v20160517]
	at org.eclipse.jetty.server.HttpConnection$SendCallback.process(HttpConnection.java:733) ~[org.eclipse.jetty.server_9.3.9.v20160517.jar:9.3.9.v20160517]
	at org.eclipse.jetty.util.IteratingCallback.processing(IteratingCallback.java:241) ~[org.eclipse.jetty.util_9.3.9.v20160517.jar:9.3.9.v20160517]
	at org.eclipse.jetty.util.IteratingCallback.iterate(IteratingCallback.java:224) ~[org.eclipse.jetty.util_9.3.9.v20160517.jar:9.3.9.v20160517]
	at org.eclipse.jetty.server.HttpConnection.send(HttpConnection.java:521) [org.eclipse.jetty.server_9.3.9.v20160517.jar:9.3.9.v20160517]
	at org.eclipse.jetty.server.HttpChannel.sendResponse(HttpChannel.java:692) ~[org.eclipse.jetty.server_9.3.9.v20160517.jar:9.3.9.v20160517]
	at org.eclipse.jetty.server.HttpChannel.write(HttpChannel.java:746) ~[org.eclipse.jetty.server_9.3.9.v20160517.jar:9.3.9.v20160517]
	at org.eclipse.jetty.server.HttpOutput.write(HttpOutput.java:179) ~[org.eclipse.jetty.server_9.3.9.v20160517.jar:9.3.9.v20160517]
	at org.eclipse.jetty.server.HttpOutput.write(HttpOutput.java:163) ~[org.eclipse.jetty.server_9.3.9.v20160517.jar:9.3.9.v20160517]
	at org.eclipse.jetty.server.HttpOutput.write(HttpOutput.java:415) ~[org.eclipse.jetty.server_9.3.9.v20160517.jar:9.3.9.v20160517]
	at java.io.ByteArrayOutputStream.writeTo(Unknown Source) ~[na:1.8.0_131]
	at org.eclipse.jetty.server.Utf8HttpWriter.write(Utf8HttpWriter.java:183) ~[org.eclipse.jetty.server_9.3.9.v20160517.jar:9.3.9.v20160517]
	at org.eclipse.jetty.server.ResponseWriter.write(ResponseWriter.java:203) ~[org.eclipse.jetty.server_9.3.9.v20160517.jar:9.3.9.v20160517]
	at java.io.PrintWriter.write(Unknown Source) ~[na:1.8.0_131]
	at org.eclipse.equinox.http.servlet.internal.servlet.HttpServletResponseWrapperImpl$InternalWriter.write(HttpServletResponseWrapperImpl.java:176) ~[na:na]
	at org.apache.jasper.runtime.JspWriterImpl.write(JspWriterImpl.java:409) ~[na:na]
	at java.io.PrintWriter.write(Unknown Source) ~[na:1.8.0_131]
	at org.apache.jasper.runtime.JspWriterImpl.flushBuffer(JspWriterImpl.java:185) ~[na:na]
	at org.apache.jasper.runtime.JspWriterImpl.write(JspWriterImpl.java:458) ~[na:na]
	at org.apache.jasper.runtime.JspWriterImpl.write(JspWriterImpl.java:471) ~[na:na]
	at org.apache.jsp.advanced.toolbar_jsp._jspService(org.apache.jsp.advanced.toolbar_jsp:525) ~[na:na]
	at org.apache.jasper.runtime.HttpJspBase.service(HttpJspBase.java:111) ~[na:na]
	at javax.servlet.http.HttpServlet.service(HttpServlet.java:790) ~[javax.servlet_3.1.0.v201410161800.jar:3.1.0]
	at org.apache.jasper.servlet.JspServletWrapper.service(JspServletWrapper.java:403) ~[na:na]
	at org.apache.jasper.servlet.JspServlet.serviceJspFile(JspServlet.java:492) ~[na:na]
	at org.apache.jasper.servlet.JspServlet.service(JspServlet.java:378) ~[na:na]
	at javax.servlet.http.HttpServlet.service(HttpServlet.java:790) ~[javax.servlet_3.1.0.v201410161800.jar:3.1.0]
	at org.eclipse.equinox.jsp.jasper.JspServlet.service(JspServlet.java:155) ~[na:na]
	at javax.servlet.http.HttpServlet.service(HttpServlet.java:790) ~[javax.servlet_3.1.0.v201410161800.jar:3.1.0]
	at org.eclipse.equinox.http.registry.internal.ServletManager$ServletWrapper.service(ServletManager.java:180) ~[na:na]
	at org.eclipse.equinox.http.servlet.internal.HttpServiceRuntimeImpl$LegacyServlet.service(HttpServiceRuntimeImpl.java:1221) ~[na:na]
	at org.eclipse.equinox.http.servlet.internal.registration.EndpointRegistration.service(EndpointRegistration.java:153) ~[na:na]
	at org.eclipse.equinox.http.servlet.internal.servlet.ResponseStateHandler.processRequest(ResponseStateHandler.java:62) ~[na:na]
	at org.eclipse.equinox.http.servlet.internal.context.DispatchTargets.doDispatch(DispatchTargets.java:132) ~[na:na]
	at org.eclipse.equinox.http.servlet.internal.servlet.RequestDispatcherAdaptor.include(RequestDispatcherAdaptor.java:48) ~[na:na]
	at org.apache.jasper.runtime.JspRuntimeLibrary.include(JspRuntimeLibrary.java:1015) ~[na:na]
	at org.apache.jsp.advanced.tocToolbar_jsp._jspService(org.apache.jsp.advanced.tocToolbar_jsp:97) ~[na:na]
	... 37 common frames omitted
Caused by: java.io.IOException: An existing connection was forcibly closed by the remote host
	at sun.nio.ch.SocketDispatcher.writev0(Native Method) ~[na:1.8.0_131]
	at sun.nio.ch.SocketDispatcher.writev(Unknown Source) ~[na:1.8.0_131]
	at sun.nio.ch.IOUtil.write(Unknown Source) ~[na:1.8.0_131]
	at sun.nio.ch.SocketChannelImpl.write(Unknown Source) ~[na:1.8.0_131]
	at org.eclipse.jetty.io.ChannelEndPoint.flush(ChannelEndPoint.java:177) ~[org.eclipse.jetty.io_9.3.9.v20160517.jar:9.3.9.v20160517]
	... 76 common frames omitted
2017-05-11 18:53:00,148 [Stop Help Server] INFO  o.e.jetty.server.AbstractConnector - Stopped ServerConnector@61186041{HTTP/1.1,[http/1.1]}{127.0.0.1:0}
2017-05-11 18:53:00,181 [Stop Help Server] INFO  o.e.j.server.handler.ContextHandler - Stopped o.e.j.s.ServletContextHandler@73514e98{/help,null,UNAVAILABLE}
2017-05-11 19:07:21,874 [Worker-0] INFO  c.g.t.t.d.PublishedGradleVersions - Gradle version information cache is up-to-date. Trying to read.
2017-05-11 19:08:37,156 [Worker-0] INFO  c.g.t.t.d.PublishedGradleVersions - Gradle version information cache is up-to-date. Trying to read.
2017-05-11 19:15:48,893 [Worker-3] INFO  c.g.t.t.d.PublishedGradleVersions - Gradle version information cache is up-to-date. Trying to read.
2017-10-29 21:32:21,326 [Worker-3] INFO  c.g.t.t.d.PublishedGradleVersions - Gradle version information cache is out-of-date. Trying to update.
2017-11-15 19:50:36,945 [Worker-3] INFO  c.g.t.t.d.PublishedGradleVersions - Gradle version information cache is out-of-date. Trying to update.
2017-11-16 21:10:35,662 [Worker-4] INFO  c.g.t.t.d.PublishedGradleVersions - Gradle version information cache is out-of-date. Trying to update.
2017-11-26 21:08:55,301 [Worker-3] INFO  c.g.t.t.d.PublishedGradleVersions - Gradle version information cache is up-to-date. Trying to read.
2017-11-27 10:03:49,336 [Worker-1] INFO  c.g.t.t.d.PublishedGradleVersions - Gradle version information cache is up-to-date. Trying to read.
2017-11-30 14:43:58,584 [Worker-1] INFO  c.g.t.t.d.PublishedGradleVersions - Gradle version information cache is out-of-date. Trying to update.
2017-12-01 14:48:50,451 [Worker-2] INFO  c.g.t.t.d.PublishedGradleVersions - Gradle version information cache is out-of-date. Trying to update.
2018-02-08 20:03:09,642 [Worker-0] INFO  c.g.t.t.d.PublishedGradleVersions - Gradle version information cache is out-of-date. Trying to update.
2018-02-13 12:58:40,146 [Worker-1] INFO  c.g.t.t.d.PublishedGradleVersions - Gradle version information cache is out-of-date. Trying to update.
2018-02-13 16:47:44,118 [Worker-0] INFO  c.g.t.t.d.PublishedGradleVersions - Gradle version information cache is up-to-date. Trying to read.
2018-02-13 16:52:49,559 [Worker-2] INFO  c.g.t.t.d.PublishedGradleVersions - Gradle version information cache is up-to-date. Trying to read.
2018-02-13 16:53:43,752 [Start Help Server] INFO  org.eclipse.jetty.util.log - Logging initialized @95775ms
2018-02-13 16:53:44,590 [Start Help Server] INFO  org.eclipse.jetty.server.Server - jetty-9.3.9.v20160517
2018-02-13 16:53:44,845 [Start Help Server] INFO  o.e.j.server.handler.ContextHandler - Started o.e.j.s.ServletContextHandler@5d5c4914{/help,null,AVAILABLE}
2018-02-13 16:53:44,909 [Start Help Server] INFO  o.e.jetty.server.AbstractConnector - Started ServerConnector@39cbe6a1{HTTP/1.1,[http/1.1]}{127.0.0.1:52795}
2018-02-13 16:53:44,910 [Start Help Server] INFO  org.eclipse.jetty.server.Server - Started @96933ms
2018-02-13 16:57:28,332 [Stop Help Server] INFO  o.e.jetty.server.AbstractConnector - Stopped ServerConnector@39cbe6a1{HTTP/1.1,[http/1.1]}{127.0.0.1:0}
2018-02-13 16:57:28,381 [Stop Help Server] INFO  o.e.j.server.handler.ContextHandler - Stopped o.e.j.s.ServletContextHandler@5d5c4914{/help,null,UNAVAILABLE}
2018-02-13 16:57:54,164 [Worker-3] INFO  c.g.t.t.d.PublishedGradleVersions - Gradle version information cache is up-to-date. Trying to read.
2018-02-13 17:27:22,941 [Worker-6] INFO  c.g.t.t.d.PublishedGradleVersions - Gradle version information cache is up-to-date. Trying to read.
2018-02-14 16:51:11,999 [Worker-1] INFO  c.g.t.t.d.PublishedGradleVersions - Gradle version information cache is out-of-date. Trying to update.
2018-05-16 21:55:21,443 [Worker-3] INFO  c.g.t.t.d.PublishedGradleVersions - Gradle version information cache is out-of-date. Trying to update.
